# JRE version: Java(TM) SE Runtime Environment 18.9 (11.0.10+8) (build 11.0.10+8-LTS-162)
# Java VM: Java HotSpot(TM) 64-Bit Server VM 18.9 (11.0.10+8-LTS-162, mixed mode, tiered, compressed oops, g1 gc, windows-amd64)
Heap:
 garbage-first heap   total 131072K, used 11059K [0x0000000081400000, 0x0000000100000000)
  region size 1024K, 9 young (9216K), 2 survivors (2048K)
 Metaspace       used 18164K, capacity 18471K, committed 18560K, reserved 1069056K
  class space    used 1979K, capacity 2105K, committed 2176K, reserved 1048576K
GC Heap History (6 events):
Event: 9.113 GC heap before
{Heap before GC invocations=0 (full 0):
 garbage-first heap   total 131072K, used 14336K [0x0000000081400000, 0x0000000100000000)
  region size 1024K, 14 young (14336K), 0 survivors (0K)
 Metaspace       used 11119K, capacity 11305K, committed 11392K, reserved 1058816K
  class space    used 1063K, capacity 1152K, committed 1152K, reserved 1048576K
}
Event: 9.119 GC heap after
{Heap after GC invocations=1 (full 0):
 garbage-first heap   total 131072K, used 3012K [0x0000000081400000, 0x0000000100000000)
  region size 1024K, 2 young (2048K), 2 survivors (2048K)
 Metaspace       used 11119K, capacity 11305K, committed 11392K, reserved 1058816K
  class space    used 1063K, capacity 1152K, committed 1152K, reserved 1048576K
}
Event: 9.697 GC heap before
{Heap before GC invocations=1 (full 0):
 garbage-first heap   total 131072K, used 13252K [0x0000000081400000, 0x0000000100000000)
  region size 1024K, 12 young (12288K), 2 survivors (2048K)
 Metaspace       used 12583K, capacity 12725K, committed 12928K, reserved 1060864K
  class space    used 1267K, capacity 1348K, committed 1408K, reserved 1048576K
}
Event: 9.702 GC heap after
{Heap after GC invocations=2 (full 0):
 garbage-first heap   total 131072K, used 3670K [0x0000000081400000, 0x0000000100000000)
  region size 1024K, 1 young (1024K), 1 survivors (1024K)
 Metaspace       used 12583K, capacity 12725K, committed 12928K, reserved 1060864K
  class space    used 1267K, capacity 1348K, committed 1408K, reserved 1048576K
}
Event: 11.212 GC heap before
{Heap before GC invocations=2 (full 0):
 garbage-first heap   total 131072K, used 32342K [0x0000000081400000, 0x0000000100000000)
  region size 1024K, 29 young (29696K), 1 survivors (1024K)
 Metaspace       used 16733K, capacity 16978K, committed 17024K, reserved 1064960K
  class space    used 1798K, capacity 1907K, committed 1920K, reserved 1048576K
}
Event: 11.216 GC heap after
{Heap after GC invocations=3 (full 0):
 garbage-first heap   total 131072K, used 4915K [0x0000000081400000, 0x0000000100000000)
  region size 1024K, 2 young (2048K), 2 survivors (2048K)
 Metaspace       used 16733K, capacity 16978K, committed 17024K, reserved 1064960K
  class space    used 1798K, capacity 1907K, committed 1920K, reserved 1048576K
}

